#
# There is insufficient memory for the Java Runtime Environment to continue.
# Native memory allocation (mmap) failed to map 132120576 bytes for G1 virtual space
# Possible reasons:
#   The system is out of physical RAM or swap space
#   The process is running with CompressedOops enabled, and the Java Heap may be blocking the growth of the native heap
# Possible solutions:
#   Reduce memory load on the system
#   Increase physical memory or swap space
#   Check if swap backing store is full
#   Decrease Java heap size (-Xmx/-Xms)
#   Decrease number of Java threads
#   Decrease Java thread stack sizes (-Xss)
#   Set larger code cache with -XX:ReservedCodeCacheSize=
#   JVM is running with Unscaled Compressed Oops mode in which the Java heap is
#     placed in the first 4GB address space. The Java Heap base address is the
#     maximum limit for the native heap growth. Please use -XX:HeapBaseMinAddress
#     to set the Java Heap base and to place the Java Heap above 4GB virtual address.
# This output file may be truncated or incomplete.
#
#  Out of Memory Error (os_windows.cpp:3771), pid=7064, tid=17108
#
# JRE version:  (17.0.7+10) (build )
# Java VM: OpenJDK 64-Bit Server VM (17.0.7+10-b829.16, mixed mode, sharing, tiered, compressed oops, compressed class ptrs, g1 gc, windows-amd64)
# No core dump will be written. Minidumps are not enabled by default on client versions of Windows
#

---------------  S U M M A R Y ------------

Command Line: git4idea.http.GitAskPassApp Username for 'https://github.com': 

Host: Intel(R) Core(TM) i3-8130U CPU @ 2.20GHz, 4 cores, 7G,  Windows 10 , 64 bit Build 19041 (10.0.19041.2364)
Time: Wed Nov 22 13:27:52 2023  Windows 10 , 64 bit Build 19041 (10.0.19041.2364) elapsed time: 0.398718 seconds (0d 0h 0m 0s)

---------------  T H R E A D  ---------------

Current thread (0x000001e7f9e4b760):  JavaThread "Unknown thread" [_thread_in_vm, id=17108, stack(0x000000c251d00000,0x000000c251e00000)]

Stack: [0x000000c251d00000,0x000000c251e00000]
Native frames: (J=compiled Java code, j=interpreted, Vv=VM code, C=native code)
V  [jvm.dll+0x683cca]
V  [jvm.dll+0x8424b4]
V  [jvm.dll+0x843cae]
V  [jvm.dll+0x844313]
V  [jvm.dll+0x24ad2f]
V  [jvm.dll+0x680b99]
V  [jvm.dll+0x67526a]
V  [jvm.dll+0x30b3cb]
V  [jvm.dll+0x312876]
V  [jvm.dll+0x36221e]
V  [jvm.dll+0x36244f]
V  [jvm.dll+0x2e14a8]
V  [jvm.dll+0x2e2414]
V  [jvm.dll+0x814441]
V  [jvm.dll+0x36ffe1]
V  [jvm.dll+0x7f3a1c]
V  [jvm.dll+0x3f305f]
V  [jvm.dll+0x3f4b91]
C  [jli.dll+0x528f]
C  [ucrtbase.dll+0x21bb2]
C  [KERNEL32.DLL+0x17614]
C  [ntdll.dll+0x526a1]


---------------  P R O C E S S  ---------------

Threads class SMR info:
_java_thread_list=0x00007ff9b288b098, length=0, elements={
}

Java Threads: ( => current thread )

Other Threads:
  0x000001e7f9ea3f20 GCTaskThread "GC Thread#0" [stack: 0x000000c251e00000,0x000000c251f00000] [id=2960]
  0x000001e7f9eb4a60 ConcurrentGCThread "G1 Main Marker" [stack: 0x000000c251f00000,0x000000c252000000] [id=15580]
  0x000001e7f9eb8c30 ConcurrentGCThread "G1 Conc#0" [stack: 0x000000c252000000,0x000000c252100000] [id=6608]

[error occurred during error reporting (printing all threads), id 0xc0000005, EXCEPTION_ACCESS_VIOLATION (0xc0000005) at pc=0x00007ff9b2042087]

VM state: not at safepoint (not fully initialized)

VM Mutex/Monitor currently owned by a thread:  ([mutex/lock_event])
[0x000001e7f9e46bd0] Heap_lock - owner thread: 0x000001e7f9e4b760

Heap address: 0x0000000082000000, size: 2016 MB, Compressed Oops mode: 32-bit

CDS archive(s) mapped at: [0x0000000000000000-0x0000000000000000-0x0000000000000000), size 0, SharedBaseAddress: 0x0000000800000000, ArchiveRelocationMode: 0.
Narrow klass base: 0x0000000000000000, Narrow klass shift: 0, Narrow klass range: 0x0

GC Precious Log:
<Empty>

Heap:
 garbage-first heap   total 0K, used 0K [0x0000000082000000, 0x0000000100000000)
  region size 1024K, 0 young (0K), 0 survivors (0K)

[error occurred during error reporting (printing heap information), id 0xc0000005, EXCEPTION_ACCESS_VIOLATION (0xc0000005) at pc=0x00007ff9b242df59]

GC Heap History (0 events):
No events

Dll operation events (1 events):
Event: 0.191 Loaded shared library D:\donttouch\WebStorm 2023.1.4\jbr\bin\java.dll

Deoptimization events (0 events):
No events

Classes unloaded (0 events):
No events

Classes redefined (0 events):
No events

Internal exceptions (0 events):
No events

VM Operations (0 events):
No events

Events (0 events):
No events


Dynamic libraries:
0x00007ff6d2f60000 - 0x00007ff6d2f6a000 	D:\donttouch\WebStorm 2023.1.4\jbr\bin\java.exe
0x00007ffa04710000 - 0x00007ffa04908000 	C:\Windows\SYSTEM32\ntdll.dll
0x00007ffa03da0000 - 0x00007ffa03e5f000 	C:\Windows\System32\KERNEL32.DLL
0x00007ffa022e0000 - 0x00007ffa025b2000 	C:\Windows\System32\KERNELBASE.dll
0x00007ffa02010000 - 0x00007ffa02110000 	C:\Windows\System32\ucrtbase.dll
0x00007ff9e8c30000 - 0x00007ff9e8c47000 	D:\donttouch\WebStorm 2023.1.4\jbr\bin\jli.dll
0x00007ffa043c0000 - 0x00007ffa04561000 	C:\Windows\System32\USER32.dll
0x00007ffa022b0000 - 0x00007ffa022d2000 	C:\Windows\System32\win32u.dll
0x00007ffa03f30000 - 0x00007ffa03f5b000 	C:\Windows\System32\GDI32.dll
0x00007ffa025c0000 - 0x00007ffa026cf000 	C:\Windows\System32\gdi32full.dll
0x00007ffa02110000 - 0x00007ffa021ad000 	C:\Windows\System32\msvcp_win.dll
0x00007ff9ed630000 - 0x00007ff9ed8ca000 	C:\Windows\WinSxS\amd64_microsoft.windows.common-controls_6595b64144ccf1df_6.0.19041.1110_none_60b5254171f9507e\COMCTL32.dll
0x00007ffa03d00000 - 0x00007ffa03d9e000 	C:\Windows\System32\msvcrt.dll
0x00007ff9f0850000 - 0x00007ff9f086b000 	D:\donttouch\WebStorm 2023.1.4\jbr\bin\VCRUNTIME140.dll
0x00007ffa03700000 - 0x00007ffa03732000 	C:\Windows\System32\IMM32.DLL
0x00007ff9f1040000 - 0x00007ff9f104c000 	D:\donttouch\WebStorm 2023.1.4\jbr\bin\vcruntime140_1.dll
0x00007ff9d85a0000 - 0x00007ff9d862d000 	D:\donttouch\WebStorm 2023.1.4\jbr\bin\msvcp140.dll
0x00007ff9b1d50000 - 0x00007ff9b29be000 	D:\donttouch\WebStorm 2023.1.4\jbr\bin\server\jvm.dll
0x00007ffa04570000 - 0x00007ffa0461e000 	C:\Windows\System32\ADVAPI32.dll
0x00007ffa03e90000 - 0x00007ffa03f2c000 	C:\Windows\System32\sechost.dll
0x00007ffa04230000 - 0x00007ffa04355000 	C:\Windows\System32\RPCRT4.dll
0x00007ff9fca40000 - 0x00007ff9fca4a000 	C:\Windows\SYSTEM32\VERSION.dll
0x00007ff9f0460000 - 0x00007ff9f0487000 	C:\Windows\SYSTEM32\WINMM.dll
0x00007ff9ebce0000 - 0x00007ff9ebce9000 	C:\Windows\SYSTEM32\WSOCK32.dll
0x00007ffa03f60000 - 0x00007ffa03fcb000 	C:\Windows\System32\WS2_32.dll
0x00007ff9ffc80000 - 0x00007ff9ffc92000 	C:\Windows\SYSTEM32\kernel.appcore.dll
0x00007ff9f1030000 - 0x00007ff9f103a000 	D:\donttouch\WebStorm 2023.1.4\jbr\bin\jimage.dll
0x00007ff9f0660000 - 0x00007ff9f0844000 	C:\Windows\SYSTEM32\DBGHELP.DLL
0x00007ff9f0490000 - 0x00007ff9f04c5000 	C:\Windows\SYSTEM32\dbgcore.DLL
0x00007ffa02220000 - 0x00007ffa022a2000 	C:\Windows\System32\bcryptPrimitives.dll
0x00007ff9ecaf0000 - 0x00007ff9ecb15000 	D:\donttouch\WebStorm 2023.1.4\jbr\bin\java.dll

dbghelp: loaded successfully - version: 4.0.5 - missing functions: none
symbol engine: initialized successfully - sym options: 0x614 - pdb path: .;D:\donttouch\WebStorm 2023.1.4\jbr\bin;C:\Windows\SYSTEM32;C:\Windows\WinSxS\amd64_microsoft.windows.common-controls_6595b64144ccf1df_6.0.19041.1110_none_60b5254171f9507e;D:\donttouch\WebStorm 2023.1.4\jbr\bin\server

VM Arguments:
java_command: git4idea.http.GitAskPassApp Username for 'https://github.com': 
java_class_path (initial): D:/donttouch/WebStorm 2023.1.4/plugins/vcs-git/lib/git4idea-rt.jar;D:/donttouch/WebStorm 2023.1.4/lib/externalProcess-rt.jar
Launcher Type: SUN_STANDARD

[Global flags]
     intx CICompilerCount                          = 3                                         {product} {ergonomic}
     uint ConcGCThreads                            = 1                                         {product} {ergonomic}
     uint G1ConcRefinementThreads                  = 4                                         {product} {ergonomic}
   size_t G1HeapRegionSize                         = 1048576                                   {product} {ergonomic}
    uintx GCDrainStackTargetSize                   = 64                                        {product} {ergonomic}
   size_t InitialHeapSize                          = 132120576                                 {product} {ergonomic}
   size_t MarkStackSize                            = 4194304                                   {product} {ergonomic}
   size_t MaxHeapSize                              = 2113929216                                {product} {ergonomic}
   size_t MinHeapDeltaBytes                        = 1048576                                   {product} {ergonomic}
   size_t MinHeapSize                              = 8388608                                   {product} {ergonomic}
    uintx NonNMethodCodeHeapSize                   = 5832780                                {pd product} {ergonomic}
    uintx NonProfiledCodeHeapSize                  = 122912730                              {pd product} {ergonomic}
    uintx ProfiledCodeHeapSize                     = 122912730                              {pd product} {ergonomic}
    uintx ReservedCodeCacheSize                    = 251658240                              {pd product} {ergonomic}
     bool SegmentedCodeCache                       = true                                      {product} {ergonomic}
   size_t SoftMaxHeapSize                          = 2113929216                             {manageable} {ergonomic}
     bool UseCompressedClassPointers               = true                           {product lp64_product} {ergonomic}
     bool UseCompressedOops                        = true                           {product lp64_product} {ergonomic}
     bool UseG1GC                                  = true                                      {product} {ergonomic}
     bool UseLargePagesIndividualAllocation        = false                                  {pd product} {ergonomic}

Logging:
Log output configuration:
 #0: stdout all=warning uptime,level,tags
 #1: stderr all=off uptime,level,tags

Environment Variables:
PATH=C:/Program Files/Git/mingw64/libexec/git-core;C:/Program Files/Git/mingw64/libexec/git-core;C:\Program Files\Git\mingw64\bin;C:\Program Files\Git\usr\bin;C:\Users\Shabdan\bin;C:\Program Files (x86)\Common Files\Intel\Shared Libraries\redist\intel64\compiler;C:\ProgramData\Oracle\Java\javapath;C:\Windows\system32;C:\Windows;C:\Windows\System32\Wbem;C:\Windows\System32\WindowsPowerShell\v1.0\;C:\Windows\System32\OpenSSH\;C:\Program Files\PuTTY\;C:\Program Files\Docker\Docker\resources\bin;C:\ProgramData\DockerDesktop\version-bin;C:\Program Files (x86)\Yarn\bin\;D:\sqlite;C:\Program Files\nodejs\;C:\Program Files\Git\cmd;C:\Users\Shabdan\AppData\Local\Microsoft\WindowsApps
USERNAME=Shabdan
DISPLAY=:0.0
LC_ALL=en_US.UTF-8
TERM=xterm-256color
TMPDIR=C:\Users\Shabdan\AppData\Local\Temp
OS=Windows_NT
PROCESSOR_IDENTIFIER=Intel64 Family 6 Model 142 Stepping 10, GenuineIntel
TMP=C:\Users\Shabdan\AppData\Local\Temp
TEMP=C:\Users\Shabdan\AppData\Local\Temp


JNI global refs:

[error occurred during error reporting (JNI global references), id 0xc0000005, EXCEPTION_ACCESS_VIOLATION (0xc0000005) at pc=0x00007ff9b1e07fc0]


---------------  S Y S T E M  ---------------

OS:
 Windows 10 , 64 bit Build 19041 (10.0.19041.2364)
OS uptime: 14 days 0:01 hours
Hyper-V role detected

CPU: total 4 (initial active 4) (2 cores per cpu, 2 threads per core) family 6 model 142 stepping 10 microcode 0xb4, cx8, cmov, fxsr, ht, mmx, 3dnowpref, sse, sse2, sse3, ssse3, sse4.1, sse4.2, popcnt, lzcnt, tsc, tscinvbit, avx, avx2, aes, erms, clmul, bmi1, bmi2, adx, fma, vzeroupper, clflush, clflushopt, hv

Memory: 4k page, system-wide physical 8063M (997M free)
TotalPageFile size 9313M (AvailPageFile size 111M)
current process WorkingSet (physical memory assigned to process): 10M, peak: 10M
current process commit charge ("private bytes"): 51M, peak: 177M

vm_info: OpenJDK 64-Bit Server VM (17.0.7+10-b829.16) for windows-amd64 JRE (17.0.7+10-b829.16), built on 2023-06-02 by "builduser" with MS VC++ 16.10 / 16.11 (VS2019)

END.
